[2025-01-09 20:26:01] [INFO]    [OmnipathR] Welcome to OmnipathR!
[2025-01-09 20:26:01] [INFO]    [OmnipathR] OmnipathR version: 3.15.1
[2025-01-09 20:26:01] [TRACE]   [OmnipathR] Reading JSON from `/Users/athomas/Library/Caches/OmnipathR/cache.json` (encoding: UTF-8).
[2025-01-09 20:26:01] [TRACE]   [OmnipathR] JSON validation successful: TRUE
[2025-01-09 20:26:01] [INFO]    [OmnipathR] Initialized cache: `/Users/athomas/Library/Caches/OmnipathR`.
[2025-01-09 20:26:01] [TRACE]   [OmnipathR] Reading JSON from `/Library/Frameworks/R.framework/Versions/4.4-arm64/Resources/library/OmnipathR/db/db_def.json` (encoding: UTF-8).
[2025-01-09 20:26:01] [TRACE]   [OmnipathR] JSON validation successful: TRUE
[2025-01-09 20:26:01] [TRACE]   [OmnipathR] Reading JSON from `/Library/Frameworks/R.framework/Versions/4.4-arm64/Resources/library/OmnipathR/internal/magic_bytes.json` (encoding: UTF-8).
[2025-01-09 20:26:01] [TRACE]   [OmnipathR] JSON validation successful: TRUE
[2025-01-09 20:26:01] [TRACE]   [OmnipathR] Reading JSON from `/Library/Frameworks/R.framework/Versions/4.4-arm64/Resources/library/OmnipathR/internal/urls.json` (encoding: UTF-8).
[2025-01-09 20:26:01] [TRACE]   [OmnipathR] JSON validation successful: TRUE
[2025-01-09 20:26:01] [TRACE]   [OmnipathR] Reading JSON from `/Library/Frameworks/R.framework/Versions/4.4-arm64/Resources/library/OmnipathR/internal/id_types.json` (encoding: UTF-8).
[2025-01-09 20:26:01] [TRACE]   [OmnipathR] JSON validation successful: TRUE
[2025-01-09 20:26:01] [INFO]    [OmnipathR] Loading database `Ensembl and OMA organism names`.
[2025-01-09 20:26:01] [INFO]    [OmnipathR] Looking up in cache `https://www.ensembl.org/info/about/species.html`: key=7332486db7400730697234bad76ca0c8e4d00799, latest version=1.
[2025-01-09 20:26:01] [TRACE]   [OmnipathR] Cache file path: /Users/athomas/Library/Caches/OmnipathR/7332486db7400730697234bad76ca0c8e4d00799-1.html
[2025-01-09 20:26:02] [TRACE]   [OmnipathR] Looking up in cache: `https://omabrowser.org/All/oma-species.txt`.
[2025-01-09 20:26:02] [TRACE]   [OmnipathR] Loaded data from RDS `/Users/athomas/Library/Caches/OmnipathR/30e690cbb55dfc63b5903ab337f34ffc2f4be397-1.rds`.
[2025-01-09 20:26:02] [INFO]    [OmnipathR] Loaded database `Ensembl and OMA organism names`.
[2025-01-09 20:26:02] [TRACE]   [OmnipathR] Arguments for OmniPath query: [loops=TRUE,organisms=10090,genesymbols=TRUE,query_type=interactions,datasets=collectri]
[2025-01-09 20:26:02] [TRACE]   [OmnipathR] Organism(s): 10090
[2025-01-09 20:26:02] [TRACE]   [OmnipathR] Orthology targets: 
[2025-01-09 20:26:02] [TRACE]   [OmnipathR] Looking up in cache: `https://omnipathdb.org/interactions?genesymbols=yes&datasets=collectri&organisms=10090&fields=sources,references,curation_effort&loops=yes&license=academic`
[2025-01-09 20:26:02] [TRACE]   [OmnipathR] Loaded data from RDS `/Users/athomas/Library/Caches/OmnipathR/25428d8cc3b087d56ec9f588ea30cbe491f2a8d4-1.rds`.
[2025-01-09 20:26:02] [INFO]    [OmnipathR] Loaded from cache: `https://omnipathdb.org/interactions?genesymbols=yes&datasets=collectri&organisms=10090&fields=sources,references,curation_effort&loops=yes&license=academic`
[2025-01-09 20:26:02] [SUCCESS] [OmnipathR] Loaded 38823 interactions from cache.
[2025-01-09 20:33:18] [TRACE]   [OmnipathR] Arguments for OmniPath query: [loops=TRUE,organisms=10090,genesymbols=TRUE,query_type=interactions,datasets=collectri]
[2025-01-09 20:33:18] [TRACE]   [OmnipathR] Organism(s): 10090
[2025-01-09 20:33:18] [TRACE]   [OmnipathR] Orthology targets: 
[2025-01-09 20:33:18] [TRACE]   [OmnipathR] Looking up in cache: `https://omnipathdb.org/interactions?genesymbols=yes&datasets=collectri&organisms=10090&fields=sources,references,curation_effort&loops=yes&license=academic`
[2025-01-09 20:33:18] [TRACE]   [OmnipathR] Loaded data from RDS `/Users/athomas/Library/Caches/OmnipathR/25428d8cc3b087d56ec9f588ea30cbe491f2a8d4-1.rds`.
[2025-01-09 20:33:18] [INFO]    [OmnipathR] Loaded from cache: `https://omnipathdb.org/interactions?genesymbols=yes&datasets=collectri&organisms=10090&fields=sources,references,curation_effort&loops=yes&license=academic`
[2025-01-09 20:33:19] [SUCCESS] [OmnipathR] Loaded 38823 interactions from cache.
